---------------------------------------------------------------
[ 2018-09-04T22:43:10+08:00 ] 127.0.0.1 GET /home
[ info ] bigwu.com/home [运行时间：0.152359s][吞吐率：6.56req/s] [内存消耗：1,519.93kb] [文件加载：38]
[ info ] [ LANG ] D:\SoftDownload\wamp\www\bigwu\thinkphp\lang\zh-cn.php
[ info ] [ ROUTE ] array (
  'type' => 'module',
  'module' => 
  array (
    0 => 'home',
    1 => 'index',
    2 => 'index',
  ),
  'convert' => false,
)
[ info ] [ HEADER ] array (
  'host' => 'bigwu.com',
  'connection' => 'keep-alive',
  'upgrade-insecure-requests' => '1',
  'user-agent' => 'Mozilla/5.0 (Windows NT 10.0; Win64; x64) AppleWebKit/537.36 (KHTML, like Gecko) Chrome/68.0.3440.106 Safari/537.36',
  'accept' => 'text/html,application/xhtml+xml,application/xml;q=0.9,image/webp,image/apng,*/*;q=0.8',
  'accept-encoding' => 'gzip, deflate',
  'accept-language' => 'zh-CN,zh;q=0.9',
)
[ info ] [ PARAM ] array (
  '/home' => '',
)
[ info ] [ RUN ] app\home\controller\Index->index[ D:\SoftDownload\wamp\www\bigwu\application\home\controller\Index.php ]
[ info ] [ VIEW ] D:\SoftDownload\wamp\www\bigwu\public/../application/home\view\index\index.html [ array (
) ]
[ info ] [ LOG ] INIT File
---------------------------------------------------------------
[ 2018-09-04T22:43:14+08:00 ] 127.0.0.1 GET /about
[ info ] bigwu.com/about [运行时间：0.028538s][吞吐率：35.04req/s] [内存消耗：1,235.41kb] [文件加载：33]
[ info ] [ LANG ] D:\SoftDownload\wamp\www\bigwu\thinkphp\lang\zh-cn.php
[ info ] [ ROUTE ] array (
  'type' => 'module',
  'module' => 
  array (
    0 => 'about',
    1 => NULL,
    2 => NULL,
  ),
)
[ info ] [ HEADER ] array (
  'host' => 'bigwu.com',
  'connection' => 'keep-alive',
  'upgrade-insecure-requests' => '1',
  'user-agent' => 'Mozilla/5.0 (Windows NT 10.0; Win64; x64) AppleWebKit/537.36 (KHTML, like Gecko) Chrome/68.0.3440.106 Safari/537.36',
  'accept' => 'text/html,application/xhtml+xml,application/xml;q=0.9,image/webp,image/apng,*/*;q=0.8',
  'accept-encoding' => 'gzip, deflate',
  'accept-language' => 'zh-CN,zh;q=0.9',
)
[ info ] [ PARAM ] array (
  '/about' => '',
)
[ info ] [ LOG ] INIT File
---------------------------------------------------------------
[ 2018-09-04T22:43:26+08:00 ] 127.0.0.1 GET /about
[ info ] bigwu.com/about [运行时间：0.025604s][吞吐率：39.06req/s] [内存消耗：1,564.96kb] [文件加载：40]
[ info ] [ LANG ] D:\SoftDownload\wamp\www\bigwu\thinkphp\lang\zh-cn.php
[ info ] [ ROUTE ] array (
  'type' => 'module',
  'module' => 
  array (
    0 => 'home',
    1 => 'index',
    2 => 'about',
  ),
  'convert' => false,
)
[ info ] [ HEADER ] array (
  'host' => 'bigwu.com',
  'connection' => 'keep-alive',
  'cache-control' => 'max-age=0',
  'upgrade-insecure-requests' => '1',
  'user-agent' => 'Mozilla/5.0 (Windows NT 10.0; Win64; x64) AppleWebKit/537.36 (KHTML, like Gecko) Chrome/68.0.3440.106 Safari/537.36',
  'accept' => 'text/html,application/xhtml+xml,application/xml;q=0.9,image/webp,image/apng,*/*;q=0.8',
  'accept-encoding' => 'gzip, deflate',
  'accept-language' => 'zh-CN,zh;q=0.9',
)
[ info ] [ PARAM ] array (
  '/about' => '',
)
[ info ] [ LOG ] INIT File
---------------------------------------------------------------
[ 2018-09-04T22:43:53+08:00 ] 127.0.0.1 GET /about
[ info ] bigwu.com/about [运行时间：0.037568s][吞吐率：26.62req/s] [内存消耗：1,699.43kb] [文件加载：41]
[ info ] [ LANG ] D:\SoftDownload\wamp\www\bigwu\thinkphp\lang\zh-cn.php
[ info ] [ ROUTE ] array (
  'type' => 'module',
  'module' => 
  array (
    0 => 'home',
    1 => 'index',
    2 => 'about',
  ),
  'convert' => false,
)
[ info ] [ HEADER ] array (
  'host' => 'bigwu.com',
  'connection' => 'keep-alive',
  'cache-control' => 'max-age=0',
  'upgrade-insecure-requests' => '1',
  'user-agent' => 'Mozilla/5.0 (Windows NT 10.0; Win64; x64) AppleWebKit/537.36 (KHTML, like Gecko) Chrome/68.0.3440.106 Safari/537.36',
  'accept' => 'text/html,application/xhtml+xml,application/xml;q=0.9,image/webp,image/apng,*/*;q=0.8',
  'accept-encoding' => 'gzip, deflate',
  'accept-language' => 'zh-CN,zh;q=0.9',
)
[ info ] [ PARAM ] array (
  '/about' => '',
)
[ info ] [ RUN ] app\home\controller\Index->about[ D:\SoftDownload\wamp\www\bigwu\application\home\controller\Index.php ]
[ info ] [ VIEW ] D:\SoftDownload\wamp\www\bigwu\public/../application/home\view\index\about.html [ array (
) ]
[ info ] [ LOG ] INIT File
---------------------------------------------------------------
[ 2018-09-04T22:43:59+08:00 ] 127.0.0.1 GET /contatc
[ info ] bigwu.com/contatc [运行时间：0.020413s][吞吐率：48.99req/s] [内存消耗：1,235.48kb] [文件加载：33]
[ info ] [ LANG ] D:\SoftDownload\wamp\www\bigwu\thinkphp\lang\zh-cn.php
[ info ] [ ROUTE ] array (
  'type' => 'module',
  'module' => 
  array (
    0 => 'contatc',
    1 => NULL,
    2 => NULL,
  ),
)
[ info ] [ HEADER ] array (
  'host' => 'bigwu.com',
  'connection' => 'keep-alive',
  'upgrade-insecure-requests' => '1',
  'user-agent' => 'Mozilla/5.0 (Windows NT 10.0; Win64; x64) AppleWebKit/537.36 (KHTML, like Gecko) Chrome/68.0.3440.106 Safari/537.36',
  'accept' => 'text/html,application/xhtml+xml,application/xml;q=0.9,image/webp,image/apng,*/*;q=0.8',
  'accept-encoding' => 'gzip, deflate',
  'accept-language' => 'zh-CN,zh;q=0.9',
)
[ info ] [ PARAM ] array (
  '/contatc' => '',
)
[ info ] [ LOG ] INIT File
---------------------------------------------------------------
[ 2018-09-04T22:44:04+08:00 ] 127.0.0.1 GET /contact
[ info ] bigwu.com/contact [运行时间：0.027273s][吞吐率：36.67req/s] [内存消耗：1,688.41kb] [文件加载：41]
[ info ] [ LANG ] D:\SoftDownload\wamp\www\bigwu\thinkphp\lang\zh-cn.php
[ info ] [ ROUTE ] array (
  'type' => 'module',
  'module' => 
  array (
    0 => 'home',
    1 => 'index',
    2 => 'contact',
  ),
  'convert' => false,
)
[ info ] [ HEADER ] array (
  'host' => 'bigwu.com',
  'connection' => 'keep-alive',
  'upgrade-insecure-requests' => '1',
  'user-agent' => 'Mozilla/5.0 (Windows NT 10.0; Win64; x64) AppleWebKit/537.36 (KHTML, like Gecko) Chrome/68.0.3440.106 Safari/537.36',
  'accept' => 'text/html,application/xhtml+xml,application/xml;q=0.9,image/webp,image/apng,*/*;q=0.8',
  'accept-encoding' => 'gzip, deflate',
  'accept-language' => 'zh-CN,zh;q=0.9',
)
[ info ] [ PARAM ] array (
  '/contact' => '',
)
[ info ] [ RUN ] app\home\controller\Index->contact[ D:\SoftDownload\wamp\www\bigwu\application\home\controller\Index.php ]
[ info ] [ VIEW ] D:\SoftDownload\wamp\www\bigwu\public/../application/home\view\index\contact.html [ array (
) ]
[ info ] [ LOG ] INIT File
---------------------------------------------------------------
[ 2018-09-04T22:54:09+08:00 ] 127.0.0.1 GET /about
[ info ] bigwu.com/about [运行时间：0.025970s][吞吐率：38.51req/s] [内存消耗：1,519.95kb] [文件加载：38]
[ info ] [ LANG ] D:\SoftDownload\wamp\www\bigwu\thinkphp\lang\zh-cn.php
[ info ] [ ROUTE ] array (
  'type' => 'module',
  'module' => 
  array (
    0 => 'home',
    1 => 'index',
    2 => 'about',
  ),
  'convert' => false,
)
[ info ] [ HEADER ] array (
  'host' => 'bigwu.com',
  'connection' => 'keep-alive',
  'upgrade-insecure-requests' => '1',
  'user-agent' => 'Mozilla/5.0 (Windows NT 10.0; Win64; x64) AppleWebKit/537.36 (KHTML, like Gecko) Chrome/68.0.3440.106 Safari/537.36',
  'accept' => 'text/html,application/xhtml+xml,application/xml;q=0.9,image/webp,image/apng,*/*;q=0.8',
  'accept-encoding' => 'gzip, deflate',
  'accept-language' => 'zh-CN,zh;q=0.9',
)
[ info ] [ PARAM ] array (
  '/about' => '',
)
[ info ] [ RUN ] app\home\controller\Index->about[ D:\SoftDownload\wamp\www\bigwu\application\home\controller\Index.php ]
[ info ] [ VIEW ] D:\SoftDownload\wamp\www\bigwu\public/../application/home\view\index\about.html [ array (
) ]
[ info ] [ LOG ] INIT File
